\BOOKMARK [0][-]{section*.1}{\376\377\116\055\145\207\144\130\211\201}{}% 1
\BOOKMARK [0][-]{section*.2}{\376\377\000A\000b\000s\000t\000r\000a\000c\000t}{}% 2
\BOOKMARK [0][-]{section*.3}{\376\377\166\356\223\004}{}% 3
\BOOKMARK [0][-]{section*.4}{\376\377\127\026\166\356\223\004}{}% 4
\BOOKMARK [0][-]{section*.5}{\376\377\210\150\166\356\223\004}{}% 5
\BOOKMARK [0][-]{chapter.1}{\376\377\175\322\212\326}{}% 6
\BOOKMARK [1][-]{section.1.1}{\376\377\170\024\172\166\200\314\146\157\202\007\122\325\152\137}{chapter.1}% 7
\BOOKMARK [1][-]{section.1.2}{\376\377\227\136\175\332\140\047\121\111\133\170\000\050\000N\000o\000n\000l\000i\000n\000e\000a\000r\000\040\000o\000p\000t\000i\000c\000s\000\051\151\202\217\360}{chapter.1}% 8
\BOOKMARK [2][-]{subsection.1.2.1}{\376\377\146\166\232\324\177\072\226\167\202\007\202\007\000S\000H\000G\225\334\117\302}{section.1.2}% 9
\BOOKMARK [1][-]{section.1.3}{\376\377\170\024\172\166\166\356\166\204\202\007\172\340\173\300\151\202\211\201}{chapter.1}% 10
\BOOKMARK [0][-]{chapter.2}{\376\377\164\006\212\326}{}% 11
\BOOKMARK [1][-]{section.2.1}{\376\377\116\214\153\041\212\347\154\342\165\042\165\037\000\050\000S\000e\000c\000o\000n\000d\000\040\000H\000a\000r\000m\000o\000n\000i\000c\000\040\000G\000e\000n\000e\000r\000a\000t\000i\000o\000n\000,\000\040\000S\000H\000G\000\051\127\372\147\054\164\006\212\326}{chapter.2}% 12
\BOOKMARK [2][-]{subsection.2.1.1}{\376\377\123\344\121\170\226\373\120\166\151\165\000\050\000D\000i\000p\000o\000l\000e\000\051\202\007\174\041\212\347\143\057\166\352\000\050\000H\000a\000r\000m\000o\000n\000i\000c\000\040\000o\000s\000c\000i\000l\000l\000a\000t\000o\000r\000\051\152\041\127\213}{section.2.1}% 13
\BOOKMARK [2][-]{subsection.2.1.2}{\376\377\174\041\212\347\143\057\166\352\000\050\000H\000a\000r\000m\000o\000n\000i\000c\000\040\000o\000s\000c\000i\000l\000l\000a\000t\000o\000r\000\051\202\007\175\332\140\047\151\165\123\026\227\377\141\311}{section.2.1}% 14
\BOOKMARK [2][-]{subsection.2.1.3}{\376\377\227\136\175\332\140\047\151\165\123\026}{section.2.1}% 15
\BOOKMARK [2][-]{subsection.2.1.4}{\376\377\227\136\175\332\140\047\151\165\123\026\137\065\221\317\123\312\121\166\134\015\172\061\140\047}{section.2.1}% 16
\BOOKMARK [1][-]{section.2.2}{\376\377\147\120\145\231\175\120\151\313\202\007\177\072\226\167\230\136\127\213}{chapter.2}% 17
\BOOKMARK [2][-]{subsection.2.2.1}{\376\377\146\166\232\324\116\055\166\204\177\072\226\167}{section.2.2}% 18
\BOOKMARK [1][-]{section.2.3}{\376\377\146\166\232\324\116\055\166\204\141\311\122\233\377\010\000S\000t\000r\000e\000s\000s\377\011\202\007\141\311\213\212\377\010\000S\000t\000r\000a\000i\000n\377\011}{chapter.2}% 19
\BOOKMARK [2][-]{subsection.2.3.1}{\376\377\141\311\213\212\137\065\221\317\000\050\000S\000t\000r\000a\000i\000n\000\040\000t\000e\000n\000s\000o\000r\000\051}{section.2.3}% 20
\BOOKMARK [1][-]{section.2.4}{\376\377\116\214\153\041\212\347\154\342\165\042\165\037\145\110\141\311\137\067\136\246\122\006\147\220}{chapter.2}% 21
\BOOKMARK [2][-]{subsection.2.4.1}{\376\377\214\273\174\163\236\303\221\321\133\232\122\107\000\050\000F\000e\000r\000m\000i\000'\000s\000\040\000G\000o\000l\000d\000e\000n\000\040\000R\000u\000l\000e\000\051\212\010\173\227\000S\000H\000G\137\067\136\246}{section.2.4}% 22
\BOOKMARK [2][-]{subsection.2.4.2}{\376\377\116\015\124\014\120\117\143\057\202\007\000S\000H\000G\137\067\136\246\225\334\117\302}{section.2.4}% 23
\BOOKMARK [1][-]{section.2.5}{\376\377\117\177\165\050\133\306\136\246\154\333\121\375\164\006\212\326\000\050\000D\000e\000n\000s\000i\000t\000y\000\040\000F\000u\000n\000c\000t\000i\000o\000n\000a\000l\000\040\000T\000h\000e\000r\000o\000y\000,\000\040\000D\000F\000T\000\051\202\007\000A\000b\000i\000n\000i\000t\216\337\232\324\212\010\173\227\227\136\175\332\140\047\151\165\123\026\163\207}{chapter.2}% 24
\BOOKMARK [0][-]{chapter.3}{\376\377\175\120\147\234\202\007\212\016\212\326}{}% 25
\BOOKMARK [1][-]{section.3.1}{\376\377\161\041\177\072\226\167\166\204\154\056\123\026\223\265\175\120\151\313}{chapter.3}% 26
\BOOKMARK [1][-]{section.3.2}{\376\377\130\006\165\212\223\057\212\244\177\072\226\167\134\015\000S\000H\000G\151\165\123\026\163\207\137\065\221\317\166\204\137\161\227\377}{chapter.3}% 27
\BOOKMARK [1][-]{section.3.3}{\376\377\122\003\162\300\135\356\143\222\000\050\000E\000d\000g\000e\000\040\000D\000i\000s\000l\000o\000c\000a\000t\000i\000o\000n\000\051\166\204\141\311\122\233\122\006\136\003}{chapter.3}% 28
\BOOKMARK [2][-]{subsection.3.3.1}{\376\377\141\311\213\212\202\007\000S\000H\000G\137\065\221\317\166\204\213\212\123\026\122\006\147\220}{section.3.3}% 29
\BOOKMARK [1][-]{section.3.4}{\376\377\000S\000H\000G\137\067\136\246\122\006\147\220}{chapter.3}% 30
\BOOKMARK [2][-]{subsection.3.4.1}{\376\377\151\165\123\026\124\021\221\317\202\007\000S\000H\000G\137\067\136\246\212\010\173\227}{section.3.4}% 31
\BOOKMARK [2][-]{subsection.3.4.2}{\376\377\130\006\165\212\223\057\212\244\177\072\226\167\166\204\000S\000H\000G\212\012\206\137\137\067\136\246\122\006\147\220}{section.3.4}% 32
\BOOKMARK [2][-]{subsection.3.4.3}{\376\377\141\311\213\212\175\120\151\313\166\204\000S\000H\000G\212\012\206\137\137\067\136\246\122\006\147\220}{section.3.4}% 33
\BOOKMARK [0][-]{chapter.4}{\376\377\175\120\212\326\202\007\147\052\117\206\134\125\147\033}{}% 34
\BOOKMARK [1][-]{section.4.1}{\376\377\175\120\212\326}{chapter.4}% 35
\BOOKMARK [0][-]{section*.37}{\376\377\123\303\200\003\145\207\163\173}{}% 36
\BOOKMARK [0][-]{section*.39}{\376\377\000A\000p\000p\000e\000n\000d\000i\000x}{}% 37
\BOOKMARK [1][-]{section.Alph0.1}{\376\377\117\235\144\332\000N\000e\000u\000m\000a\000n\000n\000\040\000P\000r\000i\000n\000c\000i\000p\000l\000e\166\204\151\165\123\026\163\207\137\065\221\317\174\041\123\026\143\250\134\016}{section*.39}% 38
\BOOKMARK [1][-]{section.Alph0.2}{\376\377\000C\0006\000v\236\336\177\244\116\013\166\204\137\065\221\317\122\006\147\220}{section*.39}% 39
\BOOKMARK [1][-]{section.Alph0.3}{\376\377\151\165\123\026\163\207\137\065\221\317\166\204\134\015\172\061\140\047\174\041\123\026\133\346\117\213}{section*.39}% 40
